00000000000i[      ] Bochs x86 Emulator 2.6.9
00000000000i[      ]   Built from SVN snapshot on April 9, 2017
00000000000i[      ] Compiled on Apr 21 2017 at 23:41:40
00000000000i[      ] System configuration
00000000000i[      ]   processors: 1 (cores=1, HT threads=1)
00000000000i[      ]   A20 line support: yes
00000000000i[      ] IPS is set to 50000000
00000000000i[      ] CPU configuration
00000000000i[      ]   SMP support: yes, quantum=16
00000000000i[      ]   level: 6
00000000000i[      ]   APIC support: xapic
00000000000i[      ]   FPU support: yes
00000000000i[      ]   MMX support: yes
00000000000i[      ]   3dnow! support: yes
00000000000i[      ]   SEP support: yes
00000000000i[      ]   SIMD support: sse2
00000000000i[      ]   XSAVE support: no 
00000000000i[      ]   AES support: no
00000000000i[      ]   SHA support: no
00000000000i[      ]   MOVBE support: no
00000000000i[      ]   ADX support: no
00000000000i[      ]   x86-64 support: yes
00000000000i[      ]   1G paging support: no
00000000000i[      ]   MWAIT support: yes
00000000000i[      ] Optimization configuration
00000000000i[      ]   RepeatSpeedups support: no
00000000000i[      ]   Fast function calls: no
00000000000i[      ]   Handlers Chaining speedups: no
00000000000i[      ] Devices configuration
00000000000i[      ]   PCI support: i440FX i430FX
00000000000i[      ]   Networking: no
00000000000i[      ]   Sound support: no
00000000000i[      ]   USB support: UHCI
00000000000i[      ]   VGA extension support: vbe
00000000000i[MEM0  ] allocated memory at 0x7f9b0f25f010. after alignment, vector=0x7f9b0f260000
00000000000i[MEM0  ] 1024,00MB
00000000000i[MEM0  ] mem block size = 0x00020000, blocks=8192
00000000000i[MEM0  ] rom at 0xfffe0000/131072 ('/usr/share/bochs/BIOS-bochs-latest')
00000000000i[CPU0  ] WARNING: 3DNow! is not implemented yet !
00000000000i[PLUGIN] init_dev of 'pci' plugin device by virtual method
00000000000i[DEV   ] i440FX PMC present at device 0, function 0
00000000000i[PLUGIN] init_dev of 'pci2isa' plugin device by virtual method
00000000000i[DEV   ] PIIX3 PCI-to-ISA bridge present at device 1, function 0
00000000000i[PLUGIN] init_dev of 'cmos' plugin device by virtual method
00000000000i[CMOS  ] Using local time for initial clock
00000000000i[CMOS  ] Setting initial clock to: Fri Sep  1 11:35:35 2017 (time0=1504258535)
00000000000i[PLUGIN] init_dev of 'dma' plugin device by virtual method
00000000000i[DMA   ] channel 4 used by cascade
00000000000i[PLUGIN] init_dev of 'pic' plugin device by virtual method
00000000000i[PLUGIN] init_dev of 'pit' plugin device by virtual method
00000000000i[PLUGIN] init_dev of 'vga' plugin device by virtual method
00000000000i[MEM0  ] Register memory access handlers: 0x0000000a0000 - 0x0000000bffff
00000000000i[VGA   ] interval=200000, mode=realtime
00000000000i[MEM0  ] Register memory access handlers: 0x0000e0000000 - 0x0000e0ffffff
00000000000i[BXVGA ] VBE Bochs Display Extension Enabled
00000000000i[XGUI  ] test_alloc_colors: 16 colors available out of 16 colors tried
00000000000i[XGUI  ] font 8 wide x 16 high, display depth = 24
00000000000i[KEYMAP] Loading keymap from 'x11-pc-us.map'
00000000000i[KEYMAP] Loaded 168 symbols
00000000000i[MEM0  ] rom at 0xc0000/41472 ('/usr/share/bochs/VGABIOS-lgpl-latest')
00000000000i[PLUGIN] init_dev of 'floppy' plugin device by virtual method
00000000000i[DMA   ] channel 2 used by Floppy Drive
00000000000i[FLOPPY] Using boot sequence cdrom, none, none
00000000000i[FLOPPY] Floppy boot signature check is enabled
00000000000i[PLUGIN] init_dev of 'acpi' plugin device by virtual method
00000000000i[DEV   ] ACPI Controller present at device 1, function 3
00000000000i[PLUGIN] init_dev of 'ioapic' plugin device by virtual method
00000000000i[IOAPIC] initializing I/O APIC
00000000000i[MEM0  ] Register memory access handlers: 0x0000fec00000 - 0x0000fec00fff
00000000000i[IOAPIC] IOAPIC enabled (base address = 0xfec00000)
00000000000i[PLUGIN] init_dev of 'keyboard' plugin device by virtual method
00000000000i[KBD   ] will paste characters every 400 keyboard ticks
00000000000i[PLUGIN] init_dev of 'harddrv' plugin device by virtual method
00000000000i[HD    ] CD on ata1-0: 'LudOS.iso'
00000000000i[CD1   ] load cdrom with path='LudOS.iso'
00000000000i[CD1   ] Opening image file as a cd.
00000000000i[HD    ] Media present in CD-ROM drive
00000000000i[HD    ] Capacity is 8906 sectors (17,39 MB)
00000000000i[PLUGIN] init_dev of 'pci_ide' plugin device by virtual method
00000000000i[DEV   ] PIIX3 PCI IDE controller present at device 1, function 1
00000000000i[PLUGIN] init_dev of 'unmapped' plugin device by virtual method
00000000000i[PLUGIN] init_dev of 'biosdev' plugin device by virtual method
00000000000i[PLUGIN] init_dev of 'speaker' plugin device by virtual method
00000000000e[PCSPK ] Failed to open /dev/console: Permission non accordée
00000000000e[PCSPK ] Deactivating beep on console
00000000000i[PLUGIN] init_dev of 'extfpuirq' plugin device by virtual method
00000000000i[PLUGIN] init_dev of 'parallel' plugin device by virtual method
00000000000i[PAR   ] parallel port 1 at 0x0378 irq 7
00000000000i[PLUGIN] init_dev of 'serial' plugin device by virtual method
00000000000i[SER   ] com1 at 0x03f8 irq 4 (mode: null)
00000000000i[PLUGIN] init_dev of 'iodebug' plugin device by virtual method
00000000000i[PLUGIN] init_dev of 'usb_uhci' plugin device by virtual method
00000000000i[DEV   ] USB UHCI present at device 1, function 2
00000000000i[UHCI  ] USB UHCI initialized
00000000000i[PLUGIN] register state of 'pci' plugin device by virtual method
00000000000i[PLUGIN] register state of 'pci2isa' plugin device by virtual method
00000000000i[PLUGIN] register state of 'cmos' plugin device by virtual method
00000000000i[PLUGIN] register state of 'dma' plugin device by virtual method
00000000000i[PLUGIN] register state of 'pic' plugin device by virtual method
00000000000i[PLUGIN] register state of 'pit' plugin device by virtual method
00000000000i[PLUGIN] register state of 'vga' plugin device by virtual method
00000000000i[PLUGIN] register state of 'floppy' plugin device by virtual method
00000000000i[PLUGIN] register state of 'unmapped' plugin device by virtual method
00000000000i[PLUGIN] register state of 'biosdev' plugin device by virtual method
00000000000i[PLUGIN] register state of 'speaker' plugin device by virtual method
00000000000i[PLUGIN] register state of 'extfpuirq' plugin device by virtual method
00000000000i[PLUGIN] register state of 'parallel' plugin device by virtual method
00000000000i[PLUGIN] register state of 'serial' plugin device by virtual method
00000000000i[PLUGIN] register state of 'iodebug' plugin device by virtual method
00000000000i[PLUGIN] register state of 'usb_uhci' plugin device by virtual method
00000000000i[PLUGIN] register state of 'acpi' plugin device by virtual method
00000000000i[PLUGIN] register state of 'ioapic' plugin device by virtual method
00000000000i[PLUGIN] register state of 'keyboard' plugin device by virtual method
00000000000i[PLUGIN] register state of 'harddrv' plugin device by virtual method
00000000000i[PLUGIN] register state of 'pci_ide' plugin device by virtual method
00000000000i[SYS   ] bx_pc_system_c::Reset(HARDWARE) called
00000000000i[CPU0  ] cpu hardware reset
00000000000i[APIC0 ] allocate APIC id=0 (MMIO enabled) to 0x0000fee00000
00000000000i[CPU0  ] CPU[0] is the bootstrap processor
00000000000i[CPU0  ] CPUID[0x00000000]: 00000005 68747541 444d4163 69746e65
00000000000i[CPU0  ] CPUID[0x00000001]: 00000633 00010800 00002008 17cbfbff
00000000000i[CPU0  ] CPUID[0x00000002]: 00000000 00000000 00000000 00000000
00000000000i[CPU0  ] CPUID[0x00000003]: 00000000 00000000 00000000 00000000
00000000000i[CPU0  ] CPUID[0x00000004]: 00000000 00000000 00000000 00000000
00000000000i[CPU0  ] CPUID[0x00000005]: 00000040 00000040 00000003 00000020
00000000000i[CPU0  ] CPUID[0x80000000]: 80000008 68747541 444d4163 69746e65
00000000000i[CPU0  ] CPUID[0x80000001]: 00000633 00000000 00000101 ebd3f3ff
00000000000i[CPU0  ] CPUID[0x80000002]: 20444d41 6c687441 74286e6f 7020296d
00000000000i[CPU0  ] CPUID[0x80000003]: 65636f72 726f7373 00000000 00000000
00000000000i[CPU0  ] CPUID[0x80000004]: 00000000 00000000 00000000 00000000
00000000000i[CPU0  ] CPUID[0x80000005]: 01ff01ff 01ff01ff 40020140 40020140
00000000000i[CPU0  ] CPUID[0x80000006]: 00000000 42004200 02008140 00000000
00000000000i[CPU0  ] CPUID[0x80000007]: 00000000 00000000 00000000 00000000
00000000000i[CPU0  ] CPUID[0x80000008]: 00003028 00000000 00000000 00000000
00000000000i[PLUGIN] reset of 'pci' plugin device by virtual method
00000000000i[PLUGIN] reset of 'pci2isa' plugin device by virtual method
00000000000i[PLUGIN] reset of 'cmos' plugin device by virtual method
00000000000i[PLUGIN] reset of 'dma' plugin device by virtual method
00000000000i[PLUGIN] reset of 'pic' plugin device by virtual method
00000000000i[PLUGIN] reset of 'pit' plugin device by virtual method
00000000000i[PLUGIN] reset of 'vga' plugin device by virtual method
00000000000i[PLUGIN] reset of 'floppy' plugin device by virtual method
00000000000i[PLUGIN] reset of 'acpi' plugin device by virtual method
00000000000i[PLUGIN] reset of 'ioapic' plugin device by virtual method
00000000000i[PLUGIN] reset of 'keyboard' plugin device by virtual method
00000000000i[PLUGIN] reset of 'harddrv' plugin device by virtual method
00000000000i[PLUGIN] reset of 'pci_ide' plugin device by virtual method
00000000000i[PLUGIN] reset of 'unmapped' plugin device by virtual method
00000000000i[PLUGIN] reset of 'biosdev' plugin device by virtual method
00000000000i[PLUGIN] reset of 'speaker' plugin device by virtual method
00000000000i[PLUGIN] reset of 'extfpuirq' plugin device by virtual method
00000000000i[PLUGIN] reset of 'parallel' plugin device by virtual method
00000000000i[PLUGIN] reset of 'serial' plugin device by virtual method
00000000000i[PLUGIN] reset of 'iodebug' plugin device by virtual method
00000000000i[PLUGIN] reset of 'usb_uhci' plugin device by virtual method
00000000000i[      ] set SIGINT handler to bx_debug_ctrlc_handler
00000004662i[BIOS  ] $Revision: 13073 $ $Date: 2017-02-16 22:43:52 +0100 (Do, 16. Feb 2017) $
00000337544i[KBD   ] reset-disable command received
00000363303i[BIOS  ] Starting rombios32
00000363741i[BIOS  ] Shutdown flag 0
00000364333i[BIOS  ] ram_size=0x40000000
00000364798i[BIOS  ] ram_end=1024MB
00000860676i[BIOS  ] Found 1 cpu(s)
00000874260i[BIOS  ] bios_table_addr: 0x000f9cd8 end=0x000fcc00
00001202055i[PCI   ] i440FX PMC write to PAM register 59 (TLB Flush)
00001529984i[P2ISA ] PCI IRQ routing: PIRQA# set to 0x0b
00001530003i[P2ISA ] PCI IRQ routing: PIRQB# set to 0x09
00001530022i[P2ISA ] PCI IRQ routing: PIRQC# set to 0x0b
00001530041i[P2ISA ] PCI IRQ routing: PIRQD# set to 0x09
00001530051i[P2ISA ] write: ELCR2 = 0x0a
00001530821i[BIOS  ] PIIX3/PIIX4 init: elcr=00 0a
00001538544i[BIOS  ] PCI: bus=0 devfn=0x00: vendor_id=0x8086 device_id=0x1237 class=0x0600
00001540823i[BIOS  ] PCI: bus=0 devfn=0x08: vendor_id=0x8086 device_id=0x7000 class=0x0601
00001542941i[BIOS  ] PCI: bus=0 devfn=0x09: vendor_id=0x8086 device_id=0x7010 class=0x0101
00001543170i[PIDE  ] new BM-DMA address: 0xc000
00001543786i[BIOS  ] region 4: 0x0000c000
00001545800i[BIOS  ] PCI: bus=0 devfn=0x0a: vendor_id=0x8086 device_id=0x7020 class=0x0c03
00001546004i[UHCI  ] new base address: 0xc020
00001546620i[BIOS  ] region 4: 0x0000c020
00001546748i[UHCI  ] new irq line = 9
00001548643i[BIOS  ] PCI: bus=0 devfn=0x0b: vendor_id=0x8086 device_id=0x7113 class=0x0680
00001548875i[ACPI  ] new irq line = 11
00001548887i[ACPI  ] new irq line = 9
00001548912i[ACPI  ] new PM base address: 0xb000
00001548926i[ACPI  ] new SM base address: 0xb100
00001548954i[PCI   ] setting SMRAM control register to 0x4a
00001713047i[CPU0  ] Enter to System Management Mode
00001713057i[CPU0  ] RSM: Resuming from System Management Mode
00001877078i[PCI   ] setting SMRAM control register to 0x0a
00001891985i[BIOS  ] MP table addr=0x000f9db0 MPC table addr=0x000f9ce0 size=0xc8
00001893807i[BIOS  ] SMBIOS table addr=0x000f9dc0
00001895997i[BIOS  ] ACPI tables: RSDP addr=0x000f9ee0 ACPI DATA addr=0x3fff0000 size=0xf72
00001899231i[BIOS  ] Firmware waking vector 0x3fff00cc
00001901026i[PCI   ] i440FX PMC write to PAM register 59 (TLB Flush)
00001901749i[BIOS  ] bios_table_cur_addr: 0x000f9f04
00002029366i[VBIOS ] VGABios $Id: vgabios.c,v 1.76 2013/02/10 08:07:03 vruppert Exp $
00002029437i[BXVGA ] VBE known Display Interface b0c0
00002029469i[BXVGA ] VBE known Display Interface b0c5
00002032394i[VBIOS ] VBE Bios $Id: vbe.c,v 1.65 2014/07/08 18:02:25 vruppert Exp $
00005814307i[BIOS  ] IDE time out
00007649700i[XGUI  ] charmap update. Font is 9 x 16
00161903741i[BIOS  ] Booting from 07c0:0000
00262510742i[CPU0  ] math_abort: MSDOS compatibility FPU exception
00262510846i[CPU0  ] math_abort: MSDOS compatibility FPU exception
00262510847i[CPU0  ] math_abort: MSDOS compatibility FPU exception
00262510867i[CPU0  ] math_abort: MSDOS compatibility FPU exception
00262510870i[CPU0  ] math_abort: MSDOS compatibility FPU exception
00262510871i[CPU0  ] math_abort: MSDOS compatibility FPU exception
00262510872i[CPU0  ] math_abort: MSDOS compatibility FPU exception
00262510873i[CPU0  ] math_abort: MSDOS compatibility FPU exception
00262510874i[CPU0  ] math_abort: MSDOS compatibility FPU exception
00267333648i[CPU0  ] math_abort: MSDOS compatibility FPU exception
00267333651i[CPU0  ] math_abort: MSDOS compatibility FPU exception
00267333652i[CPU0  ] math_abort: MSDOS compatibility FPU exception
00267333653i[CPU0  ] math_abort: MSDOS compatibility FPU exception
00267333654i[CPU0  ] math_abort: MSDOS compatibility FPU exception
00267333655i[CPU0  ] math_abort: MSDOS compatibility FPU exception
00267333656i[CPU0  ] math_abort: MSDOS compatibility FPU exception
00267333661i[CPU0  ] math_abort: MSDOS compatibility FPU exception
00267334174i[CPU0  ] math_abort: MSDOS compatibility FPU exception
00267334178i[CPU0  ] math_abort: MSDOS compatibility FPU exception
00267334191i[CPU0  ] math_abort: MSDOS compatibility FPU exception
00267334192i[CPU0  ] math_abort: MSDOS compatibility FPU exception
00267334193i[CPU0  ] math_abort: MSDOS compatibility FPU exception
00267334194i[CPU0  ] math_abort: MSDOS compatibility FPU exception
00267334196i[CPU0  ] math_abort: MSDOS compatibility FPU exception
00267334197i[CPU0  ] math_abort: MSDOS compatibility FPU exception
00267334198i[CPU0  ] math_abort: MSDOS compatibility FPU exception
00267334208i[CPU0  ] math_abort: MSDOS compatibility FPU exception
00267334209i[CPU0  ] math_abort: MSDOS compatibility FPU exception
00267334210i[CPU0  ] math_abort: MSDOS compatibility FPU exception
00267334211i[CPU0  ] math_abort: MSDOS compatibility FPU exception
00267334212i[CPU0  ] math_abort: MSDOS compatibility FPU exception
00267334217i[CPU0  ] math_abort: MSDOS compatibility FPU exception
00267334218i[CPU0  ] math_abort: MSDOS compatibility FPU exception
00267334219i[CPU0  ] math_abort: MSDOS compatibility FPU exception
00267334220i[CPU0  ] math_abort: MSDOS compatibility FPU exception
00267334221i[CPU0  ] math_abort: MSDOS compatibility FPU exception
00267334222i[CPU0  ] math_abort: MSDOS compatibility FPU exception
00267334223i[CPU0  ] math_abort: MSDOS compatibility FPU exception
00267334301i[CPU0  ] math_abort: MSDOS compatibility FPU exception
00267334302i[CPU0  ] math_abort: MSDOS compatibility FPU exception
00267334303i[CPU0  ] math_abort: MSDOS compatibility FPU exception
00267334304i[CPU0  ] math_abort: MSDOS compatibility FPU exception
00267334305i[CPU0  ] math_abort: MSDOS compatibility FPU exception
00267334306i[CPU0  ] math_abort: MSDOS compatibility FPU exception
00267334307i[CPU0  ] math_abort: MSDOS compatibility FPU exception
00267334308i[CPU0  ] math_abort: MSDOS compatibility FPU exception
00267334320i[CPU0  ] math_abort: MSDOS compatibility FPU exception
00267334321i[CPU0  ] math_abort: MSDOS compatibility FPU exception
00267334322i[CPU0  ] math_abort: MSDOS compatibility FPU exception
00267334323i[CPU0  ] math_abort: MSDOS compatibility FPU exception
00267334332i[CPU0  ] math_abort: MSDOS compatibility FPU exception
00267334333i[CPU0  ] math_abort: MSDOS compatibility FPU exception
00267334334i[CPU0  ] math_abort: MSDOS compatibility FPU exception
00267334335i[CPU0  ] math_abort: MSDOS compatibility FPU exception
00267334336i[CPU0  ] math_abort: MSDOS compatibility FPU exception
00267334337i[CPU0  ] math_abort: MSDOS compatibility FPU exception
00267334338i[CPU0  ] math_abort: MSDOS compatibility FPU exception
00267334339i[CPU0  ] math_abort: MSDOS compatibility FPU exception
00267334351i[CPU0  ] math_abort: MSDOS compatibility FPU exception
00267334352i[CPU0  ] math_abort: MSDOS compatibility FPU exception
00267334353i[CPU0  ] math_abort: MSDOS compatibility FPU exception
00267334354i[CPU0  ] math_abort: MSDOS compatibility FPU exception
00267334363i[CPU0  ] math_abort: MSDOS compatibility FPU exception
00267334364i[CPU0  ] math_abort: MSDOS compatibility FPU exception
00267334365i[CPU0  ] math_abort: MSDOS compatibility FPU exception
00267334366i[CPU0  ] math_abort: MSDOS compatibility FPU exception
00267334367i[CPU0  ] math_abort: MSDOS compatibility FPU exception
00267334368i[CPU0  ] math_abort: MSDOS compatibility FPU exception
00267334369i[CPU0  ] math_abort: MSDOS compatibility FPU exception
00267334370i[CPU0  ] math_abort: MSDOS compatibility FPU exception
00267334382i[CPU0  ] math_abort: MSDOS compatibility FPU exception
00267334383i[CPU0  ] math_abort: MSDOS compatibility FPU exception
00267334384i[CPU0  ] math_abort: MSDOS compatibility FPU exception
00267334385i[CPU0  ] math_abort: MSDOS compatibility FPU exception
00267334394i[CPU0  ] math_abort: MSDOS compatibility FPU exception
00267334395i[CPU0  ] math_abort: MSDOS compatibility FPU exception
00267334396i[CPU0  ] math_abort: MSDOS compatibility FPU exception
00267334397i[CPU0  ] math_abort: MSDOS compatibility FPU exception
00267334398i[CPU0  ] math_abort: MSDOS compatibility FPU exception
00267334399i[CPU0  ] math_abort: MSDOS compatibility FPU exception
00267334400i[CPU0  ] math_abort: MSDOS compatibility FPU exception
00267334401i[CPU0  ] math_abort: MSDOS compatibility FPU exception
00267334413i[CPU0  ] math_abort: MSDOS compatibility FPU exception
00267334414i[CPU0  ] math_abort: MSDOS compatibility FPU exception
00267334415i[CPU0  ] math_abort: MSDOS compatibility FPU exception
00267334416i[CPU0  ] math_abort: MSDOS compatibility FPU exception
00267334425i[CPU0  ] math_abort: MSDOS compatibility FPU exception
00267334426i[CPU0  ] math_abort: MSDOS compatibility FPU exception
00267334427i[CPU0  ] math_abort: MSDOS compatibility FPU exception
00267334428i[CPU0  ] math_abort: MSDOS compatibility FPU exception
00267334429i[CPU0  ] math_abort: MSDOS compatibility FPU exception
00267334430i[CPU0  ] math_abort: MSDOS compatibility FPU exception
00267334431i[CPU0  ] math_abort: MSDOS compatibility FPU exception
00267334432i[CPU0  ] math_abort: MSDOS compatibility FPU exception
00267334444i[CPU0  ] math_abort: MSDOS compatibility FPU exception
00267334445i[CPU0  ] math_abort: MSDOS compatibility FPU exception
00267334446i[CPU0  ] math_abort: MSDOS compatibility FPU exception
00267334447i[CPU0  ] math_abort: MSDOS compatibility FPU exception
00267334456i[CPU0  ] math_abort: MSDOS compatibility FPU exception
00267334457i[CPU0  ] math_abort: MSDOS compatibility FPU exception
00267334458i[CPU0  ] math_abort: MSDOS compatibility FPU exception
00267334459i[CPU0  ] math_abort: MSDOS compatibility FPU exception
00267334460i[CPU0  ] math_abort: MSDOS compatibility FPU exception
00267334461i[CPU0  ] math_abort: MSDOS compatibility FPU exception
00267334462i[CPU0  ] math_abort: MSDOS compatibility FPU exception
00267334463i[CPU0  ] math_abort: MSDOS compatibility FPU exception
00267334475i[CPU0  ] math_abort: MSDOS compatibility FPU exception
00267334476i[CPU0  ] math_abort: MSDOS compatibility FPU exception
00267334477i[CPU0  ] math_abort: MSDOS compatibility FPU exception
00267334478i[CPU0  ] math_abort: MSDOS compatibility FPU exception
00270360210i[CPU0  ] CPU is in protected mode (active)
00270360210i[CPU0  ] CS.mode = 32 bit
00270360210i[CPU0  ] SS.mode = 32 bit
00270360210i[CPU0  ] EFER   = 0x00000000
00270360210i[CPU0  ] | EAX=e0000011  EBX=00108034  ECX=00000ffc  EDX=003ff003
00270360210i[CPU0  ] | ESP=00114ca8  EBP=00000000  ESI=00000000  EDI=00000000
00270360210i[CPU0  ] | IOPL=0 id vip vif ac vm RF nt of df IF tf SF zf af PF cf
00270360210i[CPU0  ] | SEG sltr(index|ti|rpl)     base    limit G D
00270360210i[CPU0  ] |  CS:0008( 0001| 0|  0) 00000000 ffffffff 1 1
00270360210i[CPU0  ] |  DS:0010( 0002| 0|  0) 00000000 ffffffff 1 1
00270360210i[CPU0  ] |  SS:0010( 0002| 0|  0) 00000000 ffffffff 1 1
00270360210i[CPU0  ] |  ES:0010( 0002| 0|  0) 00000000 ffffffff 1 1
00270360210i[CPU0  ] |  FS:0010( 0002| 0|  0) 00000000 ffffffff 1 1
00270360210i[CPU0  ] |  GS:0010( 0002| 0|  0) 00000000 ffffffff 1 1
00270360210i[CPU0  ] | EIP=001030ef (001030ef)
00270360210i[CPU0  ] | CR0=0xe0000011 CR2=0x001100a0
00270360210i[CPU0  ] | CR3=0x001025b3 CR4=0x00000000
00270360210p[CPU0  ] >>PANIC<< exception(): 3rd (14) exception with no resolution
00270360210e[CPU0  ] WARNING: Any simulation after this point is completely bogus !
00270360211i[      ] dbg: Quit
00270360211i[CPU0  ] CPU is in protected mode (in shutdown)
00270360211i[CPU0  ] CS.mode = 32 bit
00270360211i[CPU0  ] SS.mode = 32 bit
00270360211i[CPU0  ] EFER   = 0x00000000
00270360211i[CPU0  ] | EAX=e0000011  EBX=00108034  ECX=00000ffc  EDX=003ff003
00270360211i[CPU0  ] | ESP=00114ca8  EBP=00000000  ESI=00000000  EDI=00000000
00270360211i[CPU0  ] | IOPL=0 id vip vif ac vm RF nt of df if tf SF zf af PF cf
00270360211i[CPU0  ] | SEG sltr(index|ti|rpl)     base    limit G D
00270360211i[CPU0  ] |  CS:0008( 0001| 0|  0) 00000000 ffffffff 1 1
00270360211i[CPU0  ] |  DS:0010( 0002| 0|  0) 00000000 ffffffff 1 1
00270360211i[CPU0  ] |  SS:0010( 0002| 0|  0) 00000000 ffffffff 1 1
00270360211i[CPU0  ] |  ES:0010( 0002| 0|  0) 00000000 ffffffff 1 1
00270360211i[CPU0  ] |  FS:0010( 0002| 0|  0) 00000000 ffffffff 1 1
00270360211i[CPU0  ] |  GS:0010( 0002| 0|  0) 00000000 ffffffff 1 1
00270360211i[CPU0  ] | EIP=001030ef (001030ef)
00270360211i[CPU0  ] | CR0=0xe0000011 CR2=0x001100a0
00270360211i[CPU0  ] | CR3=0x001025b3 CR4=0x00000000
00270360211i[CMOS  ] Last time is 1504258540 (Fri Sep  1 11:35:40 2017)
00270360211i[XGUI  ] Exit
00270360211i[SIM   ] quit_sim called with exit code 0
