Compiling the C compiler identification source file "CMakeCCompilerId.c" failed.
Compiler: /usr/local/cross/bin/i686-elf-gcc 
Build flags: 
Id flags:  

The output was:
1
/usr/local/cross/lib/gcc/i686-elf/7.2.0/../../../../i686-elf/bin/ld: cannot find crt0.o: Aucun fichier ou dossier de ce type
/usr/local/cross/lib/gcc/i686-elf/7.2.0/../../../../i686-elf/bin/ld: cannot find -lc
collect2: error: ld returned 1 exit status


Compiling the CXX compiler identification source file "CMakeCXXCompilerId.cpp" failed.
Compiler: /usr/local/cross/bin/i686-elf-g++ 
Build flags: 
Id flags:  

The output was:
1
/usr/local/cross/lib/gcc/i686-elf/7.2.0/../../../../i686-elf/bin/ld: cannot find crt0.o: Aucun fichier ou dossier de ce type
/usr/local/cross/lib/gcc/i686-elf/7.2.0/../../../../i686-elf/bin/ld: cannot find -lstdc++
/usr/local/cross/lib/gcc/i686-elf/7.2.0/../../../../i686-elf/bin/ld: cannot find -lm
/usr/local/cross/lib/gcc/i686-elf/7.2.0/../../../../i686-elf/bin/ld: cannot find -lc
collect2: error: ld returned 1 exit status


Detecting C compiler ABI info failed to compile with the following output:
Change Dir: /home/yann/LudOS/build/CMakeFiles/CMakeTmp

Run Build Command:"/usr/bin/make" "cmTC_4862f/fast"
/usr/bin/make -f CMakeFiles/cmTC_4862f.dir/build.make CMakeFiles/cmTC_4862f.dir/build
make[1] : on entre dans le répertoire « /home/yann/LudOS/build/CMakeFiles/CMakeTmp »
Building C object CMakeFiles/cmTC_4862f.dir/CMakeCCompilerABI.c.obj
/usr/local/cross/bin/i686-elf-gcc    -o CMakeFiles/cmTC_4862f.dir/CMakeCCompilerABI.c.obj   -c /usr/share/cmake-3.8/Modules/CMakeCCompilerABI.c
Linking C executable cmTC_4862f
/usr/bin/cmake -E cmake_link_script CMakeFiles/cmTC_4862f.dir/link.txt --verbose=1
/usr/local/cross/bin/i686-elf-gcc     -v CMakeFiles/cmTC_4862f.dir/CMakeCCompilerABI.c.obj  -o cmTC_4862f 
Using built-in specs.
COLLECT_GCC=/usr/local/cross/bin/i686-elf-gcc
COLLECT_LTO_WRAPPER=/usr/local/cross/libexec/gcc/i686-elf/7.2.0/lto-wrapper
Target: i686-elf
Configured with: ../gcc-7.2.0/configure --target=i686-elf --prefix=/usr/local/cross --disable-nls --enable-languages=c,c++ --without-headers
Thread model: single
gcc version 7.2.0 (GCC) 
COMPILER_PATH=/usr/local/cross/libexec/gcc/i686-elf/7.2.0/:/usr/local/cross/libexec/gcc/i686-elf/7.2.0/:/usr/local/cross/libexec/gcc/i686-elf/:/usr/local/cross/lib/gcc/i686-elf/7.2.0/:/usr/local/cross/lib/gcc/i686-elf/:/usr/local/cross/lib/gcc/i686-elf/7.2.0/../../../../i686-elf/bin/
LIBRARY_PATH=/usr/local/cross/lib/gcc/i686-elf/7.2.0/:/usr/local/cross/lib/gcc/i686-elf/7.2.0/../../../../i686-elf/lib/
COLLECT_GCC_OPTIONS='-v' '-o' 'cmTC_4862f' '-mtune=generic' '-march=pentiumpro'
 /usr/local/cross/libexec/gcc/i686-elf/7.2.0/collect2 -plugin /usr/local/cross/libexec/gcc/i686-elf/7.2.0/liblto_plugin.so -plugin-opt=/usr/local/cross/libexec/gcc/i686-elf/7.2.0/lto-wrapper -plugin-opt=-fresolution=/tmp/ccpLa2tK.res -plugin-opt=-pass-through=-lgcc -plugin-opt=-pass-through=-lc -plugin-opt=-pass-through=-lgcc -o cmTC_4862f crt0.o /usr/local/cross/lib/gcc/i686-elf/7.2.0/crtbegin.o -L/usr/local/cross/lib/gcc/i686-elf/7.2.0 -L/usr/local/cross/lib/gcc/i686-elf/7.2.0/../../../../i686-elf/lib CMakeFiles/cmTC_4862f.dir/CMakeCCompilerABI.c.obj -lgcc -lc -lgcc /usr/local/cross/lib/gcc/i686-elf/7.2.0/crtend.o
/usr/local/cross/lib/gcc/i686-elf/7.2.0/../../../../i686-elf/bin/ld: cannot find crt0.o: Aucun fichier ou dossier de ce type
/usr/local/cross/lib/gcc/i686-elf/7.2.0/../../../../i686-elf/bin/ld: cannot find -lc
collect2: error: ld returned 1 exit status
make[1]: *** [CMakeFiles/cmTC_4862f.dir/build.make:98: cmTC_4862f] Error 1
make[1] : on quitte le répertoire « /home/yann/LudOS/build/CMakeFiles/CMakeTmp »
make: *** [Makefile:126: cmTC_4862f/fast] Error 2



Detecting C [-std=c11] compiler features failed to compile with the following output:
Change Dir: /home/yann/LudOS/build/CMakeFiles/CMakeTmp

Run Build Command:"/usr/bin/make" "cmTC_c380a/fast"
/usr/bin/make -f CMakeFiles/cmTC_c380a.dir/build.make CMakeFiles/cmTC_c380a.dir/build
make[1] : on entre dans le répertoire « /home/yann/LudOS/build/CMakeFiles/CMakeTmp »
Building C object CMakeFiles/cmTC_c380a.dir/feature_tests.c.obj
/usr/local/cross/bin/i686-elf-gcc   -std=c11 -o CMakeFiles/cmTC_c380a.dir/feature_tests.c.obj   -c /home/yann/LudOS/build/CMakeFiles/feature_tests.c
Linking C executable cmTC_c380a
/usr/bin/cmake -E cmake_link_script CMakeFiles/cmTC_c380a.dir/link.txt --verbose=1
/usr/local/cross/bin/i686-elf-gcc      CMakeFiles/cmTC_c380a.dir/feature_tests.c.obj  -o cmTC_c380a 
/usr/local/cross/lib/gcc/i686-elf/7.2.0/../../../../i686-elf/bin/ld: cannot find crt0.o: Aucun fichier ou dossier de ce type
/usr/local/cross/lib/gcc/i686-elf/7.2.0/../../../../i686-elf/bin/ld: cannot find -lc
collect2: error: ld returned 1 exit status
make[1]: *** [CMakeFiles/cmTC_c380a.dir/build.make:98: cmTC_c380a] Error 1
make[1] : on quitte le répertoire « /home/yann/LudOS/build/CMakeFiles/CMakeTmp »
make: *** [Makefile:126: cmTC_c380a/fast] Error 2



Detecting CXX compiler ABI info failed to compile with the following output:
Change Dir: /home/yann/LudOS/build/CMakeFiles/CMakeTmp

Run Build Command:"/usr/bin/make" "cmTC_f8c07/fast"
/usr/bin/make -f CMakeFiles/cmTC_f8c07.dir/build.make CMakeFiles/cmTC_f8c07.dir/build
make[1] : on entre dans le répertoire « /home/yann/LudOS/build/CMakeFiles/CMakeTmp »
Building CXX object CMakeFiles/cmTC_f8c07.dir/CMakeCXXCompilerABI.cpp.obj
/usr/local/cross/bin/i686-elf-g++     -o CMakeFiles/cmTC_f8c07.dir/CMakeCXXCompilerABI.cpp.obj -c /usr/share/cmake-3.8/Modules/CMakeCXXCompilerABI.cpp
Linking CXX executable cmTC_f8c07
/usr/bin/cmake -E cmake_link_script CMakeFiles/cmTC_f8c07.dir/link.txt --verbose=1
/usr/local/cross/bin/i686-elf-g++      -v CMakeFiles/cmTC_f8c07.dir/CMakeCXXCompilerABI.cpp.obj  -o cmTC_f8c07 
Using built-in specs.
COLLECT_GCC=/usr/local/cross/bin/i686-elf-g++
COLLECT_LTO_WRAPPER=/usr/local/cross/libexec/gcc/i686-elf/7.2.0/lto-wrapper
Target: i686-elf
Configured with: ../gcc-7.2.0/configure --target=i686-elf --prefix=/usr/local/cross --disable-nls --enable-languages=c,c++ --without-headers
Thread model: single
gcc version 7.2.0 (GCC) 
COMPILER_PATH=/usr/local/cross/libexec/gcc/i686-elf/7.2.0/:/usr/local/cross/libexec/gcc/i686-elf/7.2.0/:/usr/local/cross/libexec/gcc/i686-elf/:/usr/local/cross/lib/gcc/i686-elf/7.2.0/:/usr/local/cross/lib/gcc/i686-elf/:/usr/local/cross/lib/gcc/i686-elf/7.2.0/../../../../i686-elf/bin/
LIBRARY_PATH=/usr/local/cross/lib/gcc/i686-elf/7.2.0/:/usr/local/cross/lib/gcc/i686-elf/7.2.0/../../../../i686-elf/lib/
COLLECT_GCC_OPTIONS='-v' '-o' 'cmTC_f8c07' '-mtune=generic' '-march=pentiumpro'
 /usr/local/cross/libexec/gcc/i686-elf/7.2.0/collect2 -plugin /usr/local/cross/libexec/gcc/i686-elf/7.2.0/liblto_plugin.so -plugin-opt=/usr/local/cross/libexec/gcc/i686-elf/7.2.0/lto-wrapper -plugin-opt=-fresolution=/tmp/cc9dzbWN.res -plugin-opt=-pass-through=-lgcc -plugin-opt=-pass-through=-lc -plugin-opt=-pass-through=-lgcc -o cmTC_f8c07 crt0.o /usr/local/cross/lib/gcc/i686-elf/7.2.0/crtbegin.o -L/usr/local/cross/lib/gcc/i686-elf/7.2.0 -L/usr/local/cross/lib/gcc/i686-elf/7.2.0/../../../../i686-elf/lib CMakeFiles/cmTC_f8c07.dir/CMakeCXXCompilerABI.cpp.obj -lstdc++ -lm -lgcc -lc -lgcc /usr/local/cross/lib/gcc/i686-elf/7.2.0/crtend.o
/usr/local/cross/lib/gcc/i686-elf/7.2.0/../../../../i686-elf/bin/ld: cannot find crt0.o: Aucun fichier ou dossier de ce type
/usr/local/cross/lib/gcc/i686-elf/7.2.0/../../../../i686-elf/bin/ld: cannot find -lstdc++
/usr/local/cross/lib/gcc/i686-elf/7.2.0/../../../../i686-elf/bin/ld: cannot find -lm
/usr/local/cross/lib/gcc/i686-elf/7.2.0/../../../../i686-elf/bin/ld: cannot find -lc
collect2: error: ld returned 1 exit status
make[1]: *** [CMakeFiles/cmTC_f8c07.dir/build.make:98: cmTC_f8c07] Error 1
make[1] : on quitte le répertoire « /home/yann/LudOS/build/CMakeFiles/CMakeTmp »
make: *** [Makefile:126: cmTC_f8c07/fast] Error 2



Detecting CXX [-std=c++1z] compiler features failed to compile with the following output:
Change Dir: /home/yann/LudOS/build/CMakeFiles/CMakeTmp

Run Build Command:"/usr/bin/make" "cmTC_11cf2/fast"
/usr/bin/make -f CMakeFiles/cmTC_11cf2.dir/build.make CMakeFiles/cmTC_11cf2.dir/build
make[1] : on entre dans le répertoire « /home/yann/LudOS/build/CMakeFiles/CMakeTmp »
Building CXX object CMakeFiles/cmTC_11cf2.dir/feature_tests.cxx.obj
/usr/local/cross/bin/i686-elf-g++    -std=c++1z -o CMakeFiles/cmTC_11cf2.dir/feature_tests.cxx.obj -c /home/yann/LudOS/build/CMakeFiles/feature_tests.cxx
Linking CXX executable cmTC_11cf2
/usr/bin/cmake -E cmake_link_script CMakeFiles/cmTC_11cf2.dir/link.txt --verbose=1
/usr/local/cross/bin/i686-elf-g++       CMakeFiles/cmTC_11cf2.dir/feature_tests.cxx.obj  -o cmTC_11cf2 
/usr/local/cross/lib/gcc/i686-elf/7.2.0/../../../../i686-elf/bin/ld: cannot find crt0.o: Aucun fichier ou dossier de ce type
/usr/local/cross/lib/gcc/i686-elf/7.2.0/../../../../i686-elf/bin/ld: cannot find -lstdc++
/usr/local/cross/lib/gcc/i686-elf/7.2.0/../../../../i686-elf/bin/ld: cannot find -lm
/usr/local/cross/lib/gcc/i686-elf/7.2.0/../../../../i686-elf/bin/ld: cannot find -lc
collect2: error: ld returned 1 exit status
make[1]: *** [CMakeFiles/cmTC_11cf2.dir/build.make:98: cmTC_11cf2] Error 1
make[1] : on quitte le répertoire « /home/yann/LudOS/build/CMakeFiles/CMakeTmp »
make: *** [Makefile:126: cmTC_11cf2/fast] Error 2



Checking whether the ASM_NASM compiler is GNU using "--version" did not match "(GNU assembler)|(GCC)|(Free Software Foundation)":
NASM version 2.13.01 compiled on May  3 2017
Checking whether the ASM_NASM compiler is HP using "-V" did not match "HP C":
nasm: error: unrecognised option `-V'
type `nasm -h' for help
Checking whether the ASM_NASM compiler is Intel using "--version" did not match "(ICC)":
NASM version 2.13.01 compiled on May  3 2017
Checking whether the ASM_NASM compiler is SunPro using "-V" did not match "Sun C":
nasm: error: unrecognised option `-V'
type `nasm -h' for help
Checking whether the ASM_NASM compiler is XL using "-qversion" did not match "XL C":
nasm: error: unrecognised option `-q'
type `nasm -h' for help
Checking whether the ASM_NASM compiler is MSVC using "/?" did not match "Microsoft":
nasm: warning: file name already has no extension: output will be in `nasm.out'
nasm: fatal: unable to open input file `/?'
Checking whether the ASM_NASM compiler is TI using "-h" did not match "Texas Instruments":
usage: nasm [-@ response file] [-o outfile] [-f format] [-l listfile]
            [options...] [--] filename
    or nasm -v (or --v) for version info

    -t          assemble in SciTech TASM compatible mode
    -E (or -e)  preprocess only (writes output to stdout by default)
    -a          don't preprocess (assemble only)
    -M          generate Makefile dependencies on stdout
    -MG         d:o, missing files assumed generated
    -MF <file>  set Makefile dependency file
    -MD <file>  assemble and generate dependencies
    -MT <file>  dependency target name
    -MQ <file>  dependency target name (quoted)
    -MP         emit phony target

    -Z<file>    redirect error messages to file
    -s          redirect error messages to stdout

    -g          generate debugging information

    -F format   select a debugging format

    -gformat    same as -g -F format

    -o outfile  write output to an outfile

    -f format   select an output format

    -l listfile write listing to a listfile

    -I<path>    adds a pathname to the include file path
    -O<digit>   optimize branch offsets
                -O0: No optimization
                -O1: Minimal optimization
                -Ox: Multipass optimization (default)

    -P<file>    pre-includes a file
    -D<macro>[=<value>] pre-defines a macro
    -U<macro>   undefines a macro
    -X<format>  specifies error reporting format (gnu or vc)
    -w+foo      enables warning foo (equiv. -Wfoo)
    -w-foo      disable warning foo (equiv. -Wno-foo)

    -w[+-]error[=foo] can be used to promote warnings to errors
    -h           show invocation summary and exit

--prefix,--postfix
                these options prepend or append the given string
                to all extern and global variables

Response files should contain command line parameters,
one per line.

Warnings for the -W/-w options:
    other                   any warning not specifially mentioned below (default on)
    macro-params            macro calls with wrong parameter count (default on)
    macro-selfref           cyclic macro references (default off)
    macro-defaults          macros with more default than optional parameters (default on)
    orphan-labels           labels alone on lines without trailing `:' (default on)
    number-overflow         numeric constant does not fit (default on)
    gnu-elf-extensions      using 8- or 16-bit relocation in ELF32, a GNU extension (default off)
    float-overflow          floating point overflow (default on)
    float-denorm            floating point denormal (default off)
    float-underflow         floating point underflow (default off)
    float-toolong           too many digits in floating-point number (default on)
    user                    %warning directives (default on)
    lock                    lock prefix on unlockable instructions (default on)
    hle                     invalid hle prefixes (default on)
    bnd                     invalid bnd prefixes (default on)
    zext-reloc              relocation zero-extended to match output format (default on)
    ptr                     non-NASM keyword used in other assemblers (default on)
    bad-pragma              empty or malformed %pragma (default off)
    unknown-pragma          unknown %pragma facility or directive (default off)
    not-my-pragma           %pragma not applicable to this compilation (default off)
    unknown-warning         unknown warning in -W/-w or warning directive (default off)
    all                     all possible warnings

For a list of valid output formats, use -hf.
For a list of debug formats, use -f <form> -y.
Checking whether the ASM_NASM compiler is GNU using "--version" did not match "(GNU assembler)|(GCC)|(Free Software Foundation)":
NASM version 2.13.01 compiled on May  3 2017
Checking whether the ASM_NASM compiler is IAR using "" did not match "IAR Assembler":
nasm: error: no input file specified
type `nasm -h' for help
Checking whether the ASM_NASM compiler is ARMCC using "" did not match "(ARM Compiler)|(ARM Assembler)":
nasm: error: no input file specified
type `nasm -h' for help
